<?xml version="1.0" encoding="UTF-8"?>
<testng-results skipped="0" failed="0" ignored="0" total="1" passed="1">
  <reporter-output>
  </reporter-output>
  <suite name="Default suite" duration-ms="30" started-at="2019-02-14T14:13:10Z" finished-at="2019-02-14T14:13:10Z">
    <groups>
    </groups>
    <test name="Default test" duration-ms="30" started-at="2019-02-14T14:13:10Z" finished-at="2019-02-14T14:13:10Z">
      <class name="NewPackage.TC_002_CommonElementsBetweenArrays">
        <test-method status="PASS" signature="findCommonElements()[pri:0, instance:NewPackage.TC_002_CommonElementsBetweenArrays@42d80b78]" name="findCommonElements" duration-ms="9" started-at="2019-02-14T14:13:10Z" finished-at="2019-02-14T14:13:10Z">
          <reporter-output>
          </reporter-output>
        </test-method> <!-- findCommonElements -->
      </class> <!-- NewPackage.TC_002_CommonElementsBetweenArrays -->
    </test> <!-- Default test -->
  </suite> <!-- Default suite -->
</testng-results>
