<?xml version="1.0" encoding="UTF-8"?>
<testng-results skipped="0" failed="0" ignored="0" total="1" passed="1">
  <reporter-output>
  </reporter-output>
  <suite name="Default suite" duration-ms="6947" started-at="2019-01-30T11:44:29Z" finished-at="2019-01-30T11:44:36Z">
    <groups>
    </groups>
    <test name="Default test" duration-ms="6947" started-at="2019-01-30T11:44:29Z" finished-at="2019-01-30T11:44:36Z">
      <class name="TC_08_Test_Authentication_Window">
        <test-method status="PASS" signature="testAuthentication()[pri:0, instance:TC_08_Test_Authentication_Window@3bfdc050]" name="testAuthentication" duration-ms="6927" started-at="2019-01-30T11:44:29Z" finished-at="2019-01-30T11:44:36Z">
          <reporter-output>
          </reporter-output>
        </test-method> <!-- testAuthentication -->
      </class> <!-- TC_08_Test_Authentication_Window -->
    </test> <!-- Default test -->
  </suite> <!-- Default suite -->
</testng-results>
